# JRE version: Java(TM) SE Runtime Environment (8.0_181-b13) (build 1.8.0_181-b13)
# Java VM: Java HotSpot(TM) 64-Bit Server VM (25.181-b13 mixed mode windows-amd64 compressed oops)
Heap:
 PSYoungGen      total 189440K, used 17666K [0x00000000d5580000, 0x00000000e3f80000, 0x0000000100000000)
  eden space 169984K, 5% used [0x00000000d5580000,0x00000000d5edc8f0,0x00000000dfb80000)
  from space 19456K, 41% used [0x00000000dfb80000,0x00000000e0364040,0x00000000e0e80000)
  to   space 18432K, 0% used [0x00000000e2d80000,0x00000000e2d80000,0x00000000e3f80000)
 ParOldGen       total 161792K, used 60190K [0x0000000080000000, 0x0000000089e00000, 0x00000000d5580000)
  object space 161792K, 37% used [0x0000000080000000,0x0000000083ac79b8,0x0000000089e00000)
 Metaspace       used 56239K, capacity 59436K, committed 59560K, reserved 1101824K
  class space    used 7480K, capacity 8053K, committed 8104K, reserved 1048576K
GC Heap History (10 events):
Event: 23.482 GC heap before
{Heap before GC invocations=18 (full 2):
 PSYoungGen      total 133120K, used 130505K [0x00000000d5580000, 0x00000000e0480000, 0x0000000100000000)
  eden space 116224K, 100% used [0x00000000d5580000,0x00000000dc700000,0x00000000dc700000)
  from space 16896K, 84% used [0x00000000dc700000,0x00000000dd4f2470,0x00000000dd780000)
  to   space 17920K, 0% used [0x00000000df300000,0x00000000df300000,0x00000000e0480000)
 ParOldGen       total 89088K, used 37183K [0x0000000080000000, 0x0000000085700000, 0x00000000d5580000)
  object space 89088K, 41% used [0x0000000080000000,0x000000008244ff18,0x0000000085700000)
 Metaspace       used 54217K, capacity 57414K, committed 57640K, reserved 1099776K
  class space    used 7320K, capacity 7882K, committed 7976K, reserved 1048576K
Event: 23.571 GC heap after
Heap after GC invocations=18 (full 2):
 PSYoungGen      total 158720K, used 17912K [0x00000000d5580000, 0x00000000e1480000, 0x0000000100000000)
  eden space 140800K, 0% used [0x00000000d5580000,0x00000000d5580000,0x00000000ddf00000)
  from space 17920K, 99% used [0x00000000df300000,0x00000000e047e060,0x00000000e0480000)
  to   space 20480K, 0% used [0x00000000ddf00000,0x00000000ddf00000,0x00000000df300000)
 ParOldGen       total 89088K, used 37758K [0x0000000080000000, 0x0000000085700000, 0x00000000d5580000)
  object space 89088K, 42% used [0x0000000080000000,0x00000000824dfbd8,0x0000000085700000)
 Metaspace       used 54217K, capacity 57414K, committed 57640K, reserved 1099776K
  class space    used 7320K, capacity 7882K, committed 7976K, reserved 1048576K
}
Event: 26.305 GC heap before
{Heap before GC invocations=19 (full 2):
 PSYoungGen      total 158720K, used 158712K [0x00000000d5580000, 0x00000000e1480000, 0x0000000100000000)
  eden space 140800K, 100% used [0x00000000d5580000,0x00000000ddf00000,0x00000000ddf00000)
  from space 17920K, 99% used [0x00000000df300000,0x00000000e047e060,0x00000000e0480000)
  to   space 20480K, 0% used [0x00000000ddf00000,0x00000000ddf00000,0x00000000df300000)
 ParOldGen       total 89088K, used 37758K [0x0000000080000000, 0x0000000085700000, 0x00000000d5580000)
  object space 89088K, 42% used [0x0000000080000000,0x00000000824dfbd8,0x0000000085700000)
 Metaspace       used 55723K, capacity 59064K, committed 59160K, reserved 1099776K
  class space    used 7484K, capacity 8068K, committed 8104K, reserved 1048576K
Event: 26.331 GC heap after
Heap after GC invocations=19 (full 2):
 PSYoungGen      total 161280K, used 10608K [0x00000000d5580000, 0x00000000e2200000, 0x0000000100000000)
  eden space 140800K, 0% used [0x00000000d5580000,0x00000000d5580000,0x00000000ddf00000)
  from space 20480K, 51% used [0x00000000ddf00000,0x00000000de95c020,0x00000000df300000)
  to   space 19968K, 0% used [0x00000000e0e80000,0x00000000e0e80000,0x00000000e2200000)
 ParOldGen       total 89088K, used 51031K [0x0000000080000000, 0x0000000085700000, 0x00000000d5580000)
  object space 89088K, 57% used [0x0000000080000000,0x00000000831d5c00,0x0000000085700000)
 Metaspace       used 55723K, capacity 59064K, committed 59160K, reserved 1099776K
  class space    used 7484K, capacity 8068K, committed 8104K, reserved 1048576K
}
Event: 26.783 GC heap before
{Heap before GC invocations=20 (full 2):
 PSYoungGen      total 161280K, used 43152K [0x00000000d5580000, 0x00000000e2200000, 0x0000000100000000)
  eden space 140800K, 23% used [0x00000000d5580000,0x00000000d75481f0,0x00000000ddf00000)
  from space 20480K, 51% used [0x00000000ddf00000,0x00000000de95c020,0x00000000df300000)
  to   space 19968K, 0% used [0x00000000e0e80000,0x00000000e0e80000,0x00000000e2200000)
 ParOldGen       total 89088K, used 51031K [0x0000000080000000, 0x0000000085700000, 0x00000000d5580000)
  object space 89088K, 57% used [0x0000000080000000,0x00000000831d5c00,0x0000000085700000)
 Metaspace       used 55827K, capacity 59064K, committed 59160K, reserved 1099776K
  class space    used 7484K, capacity 8068K, committed 8104K, reserved 1048576K
Event: 26.800 GC heap after
Heap after GC invocations=20 (full 2):
 PSYoungGen      total 189952K, used 8240K [0x00000000d5580000, 0x00000000e2500000, 0x0000000100000000)
  eden space 169984K, 0% used [0x00000000d5580000,0x00000000d5580000,0x00000000dfb80000)
  from space 19968K, 41% used [0x00000000e0e80000,0x00000000e168c040,0x00000000e2200000)
  to   space 19456K, 0% used [0x00000000dfb80000,0x00000000dfb80000,0x00000000e0e80000)
 ParOldGen       total 89088K, used 55625K [0x0000000080000000, 0x0000000085700000, 0x00000000d5580000)
  object space 89088K, 62% used [0x0000000080000000,0x00000000836525b0,0x0000000085700000)
 Metaspace       used 55827K, capacity 59064K, committed 59160K, reserved 1099776K
  class space    used 7484K, capacity 8068K, committed 8104K, reserved 1048576K
}
Event: 26.800 GC heap before
{Heap before GC invocations=21 (full 3):
 PSYoungGen      total 189952K, used 8240K [0x00000000d5580000, 0x00000000e2500000, 0x0000000100000000)
  eden space 169984K, 0% used [0x00000000d5580000,0x00000000d5580000,0x00000000dfb80000)
  from space 19968K, 41% used [0x00000000e0e80000,0x00000000e168c040,0x00000000e2200000)
  to   space 19456K, 0% used [0x00000000dfb80000,0x00000000dfb80000,0x00000000e0e80000)
 ParOldGen       total 89088K, used 55625K [0x0000000080000000, 0x0000000085700000, 0x00000000d5580000)
  object space 89088K, 62% used [0x0000000080000000,0x00000000836525b0,0x0000000085700000)
 Metaspace       used 55827K, capacity 59064K, committed 59160K, reserved 1099776K
  class space    used 7484K, capacity 8068K, committed 8104K, reserved 1048576K
Event: 27.225 GC heap after
Heap after GC invocations=21 (full 3):
 PSYoungGen      total 189952K, used 0K [0x00000000d5580000, 0x00000000e2500000, 0x0000000100000000)
  eden space 169984K, 0% used [0x00000000d5580000,0x00000000d5580000,0x00000000dfb80000)
  from space 19968K, 0% used [0x00000000e0e80000,0x00000000e0e80000,0x00000000e2200000)
  to   space 19456K, 0% used [0x00000000dfb80000,0x00000000dfb80000,0x00000000e0e80000)
 ParOldGen       total 161792K, used 60182K [0x0000000080000000, 0x0000000089e00000, 0x00000000d5580000)
  object space 161792K, 37% used [0x0000000080000000,0x0000000083ac59b8,0x0000000089e00000)
 Metaspace       used 55774K, capacity 58896K, committed 59160K, reserved 1099776K
  class space    used 7467K, capacity 8039K, committed 8104K, reserved 1048576K
}
Event: 28.826 GC heap before
{Heap before GC invocations=22 (full 3):
 PSYoungGen      total 189952K, used 169984K [0x00000000d5580000, 0x00000000e2500000, 0x0000000100000000)
  eden space 169984K, 100% used [0x00000000d5580000,0x00000000dfb80000,0x00000000dfb80000)
  from space 19968K, 0% used [0x00000000e0e80000,0x00000000e0e80000,0x00000000e2200000)
  to   space 19456K, 0% used [0x00000000dfb80000,0x00000000dfb80000,0x00000000e0e80000)
 ParOldGen       total 161792K, used 60182K [0x0000000080000000, 0x0000000089e00000, 0x00000000d5580000)
  object space 161792K, 37% used [0x0000000080000000,0x0000000083ac59b8,0x0000000089e00000)
 Metaspace       used 56226K, capacity 59412K, committed 59560K, reserved 1101824K
  class space    used 7478K, capacity 8049K, committed 8104K, reserved 1048576K
Event: 28.836 GC heap after
Heap after GC invocations=22 (full 3):
 PSYoungGen      total 189440K, used 8080K [0x00000000d5580000, 0x00000000e3f80000, 0x0000000100000000)
  eden space 169984K, 0% used [0x00000000d5580000,0x00000000d5580000,0x00000000dfb80000)
  from space 19456K, 41% used [0x00000000dfb80000,0x00000000e0364040,0x00000000e0e80000)
  to   space 18432K, 0% used [0x00000000e2d80000,0x00000000e2d80000,0x00000000e3f80000)
 ParOldGen       total 161792K, used 60190K [0x0000000080000000, 0x0000000089e00000, 0x00000000d5580000)
  object space 161792K, 37% used [0x0000000080000000,0x0000000083ac79b8,0x0000000089e00000)
 Metaspace       used 56226K, capacity 59412K, committed 59560K, reserved 1101824K
  class space    used 7478K, capacity 8049K, committed 8104K, reserved 1048576K
}

