# JRE version: Java(TM) SE Runtime Environment (8.0_181-b13) (build 1.8.0_181-b13)
# Java VM: Java HotSpot(TM) 64-Bit Server VM (25.181-b13 mixed mode windows-amd64 compressed oops)
Heap:
 PSYoungGen      total 237056K, used 19993K [0x00000000d5580000, 0x00000000e5500000, 0x0000000100000000)
  eden space 214528K, 9% used [0x00000000d5580000,0x00000000d69066c8,0x00000000e2700000)
  from space 22528K, 0% used [0x00000000e3d80000,0x00000000e3d80000,0x00000000e5380000)
  to   space 23040K, 0% used [0x00000000e2700000,0x00000000e2700000,0x00000000e3d80000)
 ParOldGen       total 154112K, used 53952K [0x0000000080000000, 0x0000000089680000, 0x00000000d5580000)
  object space 154112K, 35% used [0x0000000080000000,0x00000000834b00c8,0x0000000089680000)
 Metaspace       used 56038K, capacity 59310K, committed 59648K, reserved 1101824K
  class space    used 7505K, capacity 8072K, committed 8192K, reserved 1048576K
GC Heap History (10 events):
Event: 13.295 GC heap before
{Heap before GC invocations=13 (full 2):
 PSYoungGen      total 153600K, used 153588K [0x00000000d5580000, 0x00000000e1000000, 0x0000000100000000)
  eden space 142848K, 100% used [0x00000000d5580000,0x00000000de100000,0x00000000de100000)
  from space 10752K, 99% used [0x00000000e0580000,0x00000000e0ffd1a0,0x00000000e1000000)
  to   space 12288K, 0% used [0x00000000df800000,0x00000000df800000,0x00000000e0400000)
 ParOldGen       total 78848K, used 13677K [0x0000000080000000, 0x0000000084d00000, 0x00000000d5580000)
  object space 78848K, 17% used [0x0000000080000000,0x0000000080d5b5a0,0x0000000084d00000)
 Metaspace       used 45642K, capacity 48180K, committed 48384K, reserved 1091584K
  class space    used 6301K, capacity 6799K, committed 6912K, reserved 1048576K
Event: 13.325 GC heap after
Heap after GC invocations=13 (full 2):
 PSYoungGen      total 178688K, used 12272K [0x00000000d5580000, 0x00000000e2580000, 0x0000000100000000)
  eden space 166400K, 0% used [0x00000000d5580000,0x00000000d5580000,0x00000000df800000)
  from space 12288K, 99% used [0x00000000df800000,0x00000000e03fc0f0,0x00000000e0400000)
  to   space 16896K, 0% used [0x00000000e1500000,0x00000000e1500000,0x00000000e2580000)
 ParOldGen       total 78848K, used 22888K [0x0000000080000000, 0x0000000084d00000, 0x00000000d5580000)
  object space 78848K, 29% used [0x0000000080000000,0x000000008165a240,0x0000000084d00000)
 Metaspace       used 45642K, capacity 48180K, committed 48384K, reserved 1091584K
  class space    used 6301K, capacity 6799K, committed 6912K, reserved 1048576K
}
Event: 17.229 GC heap before
{Heap before GC invocations=14 (full 2):
 PSYoungGen      total 178688K, used 178672K [0x00000000d5580000, 0x00000000e2580000, 0x0000000100000000)
  eden space 166400K, 100% used [0x00000000d5580000,0x00000000df800000,0x00000000df800000)
  from space 12288K, 99% used [0x00000000df800000,0x00000000e03fc0f0,0x00000000e0400000)
  to   space 16896K, 0% used [0x00000000e1500000,0x00000000e1500000,0x00000000e2580000)
 ParOldGen       total 78848K, used 22888K [0x0000000080000000, 0x0000000084d00000, 0x00000000d5580000)
  object space 78848K, 29% used [0x0000000080000000,0x000000008165a240,0x0000000084d00000)
 Metaspace       used 53778K, capacity 56918K, committed 57088K, reserved 1097728K
  class space    used 7322K, capacity 7895K, committed 7936K, reserved 1048576K
Event: 17.258 GC heap after
Heap after GC invocations=14 (full 2):
 PSYoungGen      total 194048K, used 16279K [0x00000000d5580000, 0x00000000e4200000, 0x0000000100000000)
  eden space 177152K, 0% used [0x00000000d5580000,0x00000000d5580000,0x00000000e0280000)
  from space 16896K, 96% used [0x00000000e1500000,0x00000000e24e5f60,0x00000000e2580000)
  to   space 18944K, 0% used [0x00000000e0280000,0x00000000e0280000,0x00000000e1500000)
 ParOldGen       total 78848K, used 35165K [0x0000000080000000, 0x0000000084d00000, 0x00000000d5580000)
  object space 78848K, 44% used [0x0000000080000000,0x0000000082257430,0x0000000084d00000)
 Metaspace       used 53778K, capacity 56918K, committed 57088K, reserved 1097728K
  class space    used 7322K, capacity 7895K, committed 7936K, reserved 1048576K
}
Event: 19.034 GC heap before
{Heap before GC invocations=15 (full 2):
 PSYoungGen      total 194048K, used 193431K [0x00000000d5580000, 0x00000000e4200000, 0x0000000100000000)
  eden space 177152K, 100% used [0x00000000d5580000,0x00000000e0280000,0x00000000e0280000)
  from space 16896K, 96% used [0x00000000e1500000,0x00000000e24e5f60,0x00000000e2580000)
  to   space 18944K, 0% used [0x00000000e0280000,0x00000000e0280000,0x00000000e1500000)
 ParOldGen       total 78848K, used 35165K [0x0000000080000000, 0x0000000084d00000, 0x00000000d5580000)
  object space 78848K, 44% used [0x0000000080000000,0x0000000082257430,0x0000000084d00000)
 Metaspace       used 54734K, capacity 57964K, committed 58112K, reserved 1099776K
  class space    used 7363K, capacity 7920K, committed 7936K, reserved 1048576K
Event: 19.053 GC heap after
Heap after GC invocations=15 (full 2):
 PSYoungGen      total 196096K, used 18920K [0x00000000d5580000, 0x00000000e5380000, 0x0000000100000000)
  eden space 177152K, 0% used [0x00000000d5580000,0x00000000d5580000,0x00000000e0280000)
  from space 18944K, 99% used [0x00000000e0280000,0x00000000e14fa060,0x00000000e1500000)
  to   space 22528K, 0% used [0x00000000e3d80000,0x00000000e3d80000,0x00000000e5380000)
 ParOldGen       total 78848K, used 38763K [0x0000000080000000, 0x0000000084d00000, 0x00000000d5580000)
  object space 78848K, 49% used [0x0000000080000000,0x00000000825dadf0,0x0000000084d00000)
 Metaspace       used 54734K, capacity 57964K, committed 58112K, reserved 1099776K
  class space    used 7363K, capacity 7920K, committed 7936K, reserved 1048576K
}
Event: 20.504 GC heap before
{Heap before GC invocations=16 (full 2):
 PSYoungGen      total 196096K, used 143980K [0x00000000d5580000, 0x00000000e5380000, 0x0000000100000000)
  eden space 177152K, 70% used [0x00000000d5580000,0x00000000dcfa1000,0x00000000e0280000)
  from space 18944K, 99% used [0x00000000e0280000,0x00000000e14fa060,0x00000000e1500000)
  to   space 22528K, 0% used [0x00000000e3d80000,0x00000000e3d80000,0x00000000e5380000)
 ParOldGen       total 78848K, used 38763K [0x0000000080000000, 0x0000000084d00000, 0x00000000d5580000)
  object space 78848K, 49% used [0x0000000080000000,0x00000000825dadf0,0x0000000084d00000)
 Metaspace       used 55645K, capacity 59010K, committed 59096K, reserved 1099776K
  class space    used 7444K, capacity 7999K, committed 8064K, reserved 1048576K
Event: 20.528 GC heap after
Heap after GC invocations=16 (full 2):
 PSYoungGen      total 237056K, used 3728K [0x00000000d5580000, 0x00000000e5500000, 0x0000000100000000)
  eden space 214528K, 0% used [0x00000000d5580000,0x00000000d5580000,0x00000000e2700000)
  from space 22528K, 16% used [0x00000000e3d80000,0x00000000e4124010,0x00000000e5380000)
  to   space 23040K, 0% used [0x00000000e2700000,0x00000000e2700000,0x00000000e3d80000)
 ParOldGen       total 78848K, used 56079K [0x0000000080000000, 0x0000000084d00000, 0x00000000d5580000)
  object space 78848K, 71% used [0x0000000080000000,0x00000000836c3ea0,0x0000000084d00000)
 Metaspace       used 55645K, capacity 59010K, committed 59096K, reserved 1099776K
  class space    used 7444K, capacity 7999K, committed 8064K, reserved 1048576K
}
Event: 20.528 GC heap before
{Heap before GC invocations=17 (full 3):
 PSYoungGen      total 237056K, used 3728K [0x00000000d5580000, 0x00000000e5500000, 0x0000000100000000)
  eden space 214528K, 0% used [0x00000000d5580000,0x00000000d5580000,0x00000000e2700000)
  from space 22528K, 16% used [0x00000000e3d80000,0x00000000e4124010,0x00000000e5380000)
  to   space 23040K, 0% used [0x00000000e2700000,0x00000000e2700000,0x00000000e3d80000)
 ParOldGen       total 78848K, used 56079K [0x0000000080000000, 0x0000000084d00000, 0x00000000d5580000)
  object space 78848K, 71% used [0x0000000080000000,0x00000000836c3ea0,0x0000000084d00000)
 Metaspace       used 55645K, capacity 59010K, committed 59096K, reserved 1099776K
  class space    used 7444K, capacity 7999K, committed 8064K, reserved 1048576K
Event: 20.941 GC heap after
Heap after GC invocations=17 (full 3):
 PSYoungGen      total 237056K, used 0K [0x00000000d5580000, 0x00000000e5500000, 0x0000000100000000)
  eden space 214528K, 0% used [0x00000000d5580000,0x00000000d5580000,0x00000000e2700000)
  from space 22528K, 0% used [0x00000000e3d80000,0x00000000e3d80000,0x00000000e5380000)
  to   space 23040K, 0% used [0x00000000e2700000,0x00000000e2700000,0x00000000e3d80000)
 ParOldGen       total 154112K, used 53952K [0x0000000080000000, 0x0000000089680000, 0x00000000d5580000)
  object space 154112K, 35% used [0x0000000080000000,0x00000000834b00c8,0x0000000089680000)
 Metaspace       used 55555K, capacity 58762K, committed 59096K, reserved 1099776K
  class space    used 7419K, capacity 7963K, committed 8064K, reserved 1048576K
}

