# JRE version: Java(TM) SE Runtime Environment (8.0_181-b13) (build 1.8.0_181-b13)
# Java VM: Java HotSpot(TM) 64-Bit Server VM (25.181-b13 mixed mode windows-amd64 compressed oops)
Heap:
 PSYoungGen      total 554496K, used 44838K [0x00000000d5580000, 0x0000000100000000, 0x0000000100000000)
  eden space 424448K, 5% used [0x00000000d5580000,0x00000000d6e59b00,0x00000000ef400000)
  from space 130048K, 14% used [0x00000000ef400000,0x00000000f06f0000,0x00000000f7300000)
  to   space 129024K, 0% used [0x00000000f8200000,0x00000000f8200000,0x0000000100000000)
 ParOldGen       total 693248K, used 466071K [0x0000000080000000, 0x00000000aa500000, 0x00000000d5580000)
  object space 693248K, 67% used [0x0000000080000000,0x000000009c725f80,0x00000000aa500000)
 Metaspace       used 55021K, capacity 58428K, committed 58624K, reserved 1099776K
  class space    used 7271K, capacity 7875K, committed 7936K, reserved 1048576K
GC Heap History (10 events):
Event: 65.551 GC heap before
{Heap before GC invocations=29 (full 5):
 PSYoungGen      total 598016K, used 597984K [0x00000000d5580000, 0x0000000100000000, 0x0000000100000000)
  eden space 497152K, 100% used [0x00000000d5580000,0x00000000f3b00000,0x00000000f3b00000)
  from space 100864K, 99% used [0x00000000f3b00000,0x00000000f9d78020,0x00000000f9d80000)
  to   space 100864K, 0% used [0x00000000f9d80000,0x00000000f9d80000,0x0000000100000000)
 ParOldGen       total 492032K, used 309116K [0x0000000080000000, 0x000000009e080000, 0x00000000d5580000)
  object space 492032K, 62% used [0x0000000080000000,0x0000000092ddf068,0x000000009e080000)
 Metaspace       used 54955K, capacity 58374K, committed 58624K, reserved 1099776K
  class space    used 7264K, capacity 7866K, committed 7936K, reserved 1048576K
Event: 65.631 GC heap after
Heap after GC invocations=29 (full 5):
 PSYoungGen      total 521216K, used 100848K [0x00000000d5580000, 0x0000000100000000, 0x0000000100000000)
  eden space 420352K, 0% used [0x00000000d5580000,0x00000000d5580000,0x00000000ef000000)
  from space 100864K, 99% used [0x00000000f9d80000,0x00000000ffffc050,0x0000000100000000)
  to   space 139264K, 0% used [0x00000000ef000000,0x00000000ef000000,0x00000000f7800000)
 ParOldGen       total 492032K, used 336267K [0x0000000080000000, 0x000000009e080000, 0x00000000d5580000)
  object space 492032K, 68% used [0x0000000080000000,0x0000000094862ec8,0x000000009e080000)
 Metaspace       used 54955K, capacity 58374K, committed 58624K, reserved 1099776K
  class space    used 7264K, capacity 7866K, committed 7936K, reserved 1048576K
}
Event: 66.654 GC heap before
{Heap before GC invocations=30 (full 5):
 PSYoungGen      total 521216K, used 521200K [0x00000000d5580000, 0x0000000100000000, 0x0000000100000000)
  eden space 420352K, 100% used [0x00000000d5580000,0x00000000ef000000,0x00000000ef000000)
  from space 100864K, 99% used [0x00000000f9d80000,0x00000000ffffc050,0x0000000100000000)
  to   space 139264K, 0% used [0x00000000ef000000,0x00000000ef000000,0x00000000f7800000)
 ParOldGen       total 492032K, used 336267K [0x0000000080000000, 0x000000009e080000, 0x00000000d5580000)
  object space 492032K, 68% used [0x0000000080000000,0x0000000094862ec8,0x000000009e080000)
 Metaspace       used 54958K, capacity 58378K, committed 58624K, reserved 1099776K
  class space    used 7264K, capacity 7866K, committed 7936K, reserved 1048576K
Event: 66.794 GC heap after
Heap after GC invocations=30 (full 5):
 PSYoungGen      total 559616K, used 68688K [0x00000000d5580000, 0x0000000100000000, 0x0000000100000000)
  eden space 420352K, 0% used [0x00000000d5580000,0x00000000d5580000,0x00000000ef000000)
  from space 139264K, 49% used [0x00000000ef000000,0x00000000f3314030,0x00000000f7800000)
  to   space 135168K, 0% used [0x00000000f7c00000,0x00000000f7c00000,0x0000000100000000)
 ParOldGen       total 492032K, used 381293K [0x0000000080000000, 0x000000009e080000, 0x00000000d5580000)
  object space 492032K, 77% used [0x0000000080000000,0x000000009745b698,0x000000009e080000)
 Metaspace       used 54958K, capacity 58378K, committed 58624K, reserved 1099776K
  class space    used 7264K, capacity 7866K, committed 7936K, reserved 1048576K
}
Event: 68.526 GC heap before
{Heap before GC invocations=31 (full 5):
 PSYoungGen      total 559616K, used 489040K [0x00000000d5580000, 0x0000000100000000, 0x0000000100000000)
  eden space 420352K, 100% used [0x00000000d5580000,0x00000000ef000000,0x00000000ef000000)
  from space 139264K, 49% used [0x00000000ef000000,0x00000000f3314030,0x00000000f7800000)
  to   space 135168K, 0% used [0x00000000f7c00000,0x00000000f7c00000,0x0000000100000000)
 ParOldGen       total 492032K, used 381293K [0x0000000080000000, 0x000000009e080000, 0x00000000d5580000)
  object space 492032K, 77% used [0x0000000080000000,0x000000009745b698,0x000000009e080000)
 Metaspace       used 54994K, capacity 58408K, committed 58624K, reserved 1099776K
  class space    used 7267K, capacity 7871K, committed 7936K, reserved 1048576K
Event: 68.617 GC heap after
Heap after GC invocations=31 (full 5):
 PSYoungGen      total 545280K, used 43072K [0x00000000d5580000, 0x00000000ff200000, 0x0000000100000000)
  eden space 424448K, 0% used [0x00000000d5580000,0x00000000d5580000,0x00000000ef400000)
  from space 120832K, 35% used [0x00000000f7c00000,0x00000000fa610030,0x00000000ff200000)
  to   space 130048K, 0% used [0x00000000ef400000,0x00000000ef400000,0x00000000f7300000)
 ParOldGen       total 492032K, used 435223K [0x0000000080000000, 0x000000009e080000, 0x00000000d5580000)
  object space 492032K, 88% used [0x0000000080000000,0x000000009a905e48,0x000000009e080000)
 Metaspace       used 54994K, capacity 58408K, committed 58624K, reserved 1099776K
  class space    used 7267K, capacity 7871K, committed 7936K, reserved 1048576K
}
Event: 68.617 GC heap before
{Heap before GC invocations=32 (full 6):
 PSYoungGen      total 545280K, used 43072K [0x00000000d5580000, 0x00000000ff200000, 0x0000000100000000)
  eden space 424448K, 0% used [0x00000000d5580000,0x00000000d5580000,0x00000000ef400000)
  from space 120832K, 35% used [0x00000000f7c00000,0x00000000fa610030,0x00000000ff200000)
  to   space 130048K, 0% used [0x00000000ef400000,0x00000000ef400000,0x00000000f7300000)
 ParOldGen       total 492032K, used 435223K [0x0000000080000000, 0x000000009e080000, 0x00000000d5580000)
  object space 492032K, 88% used [0x0000000080000000,0x000000009a905e48,0x000000009e080000)
 Metaspace       used 54994K, capacity 58408K, committed 58624K, reserved 1099776K
  class space    used 7267K, capacity 7871K, committed 7936K, reserved 1048576K
Event: 72.938 GC heap after
Heap after GC invocations=32 (full 6):
 PSYoungGen      total 545280K, used 0K [0x00000000d5580000, 0x00000000ff200000, 0x0000000100000000)
  eden space 424448K, 0% used [0x00000000d5580000,0x00000000d5580000,0x00000000ef400000)
  from space 120832K, 0% used [0x00000000f7c00000,0x00000000f7c00000,0x00000000ff200000)
  to   space 130048K, 0% used [0x00000000ef400000,0x00000000ef400000,0x00000000f7300000)
 ParOldGen       total 693248K, used 466063K [0x0000000080000000, 0x00000000aa500000, 0x00000000d5580000)
  object space 693248K, 67% used [0x0000000080000000,0x000000009c723f80,0x00000000aa500000)
 Metaspace       used 54994K, capacity 58408K, committed 58624K, reserved 1099776K
  class space    used 7267K, capacity 7871K, committed 7936K, reserved 1048576K
}
Event: 74.338 GC heap before
{Heap before GC invocations=33 (full 6):
 PSYoungGen      total 545280K, used 424448K [0x00000000d5580000, 0x00000000ff200000, 0x0000000100000000)
  eden space 424448K, 100% used [0x00000000d5580000,0x00000000ef400000,0x00000000ef400000)
  from space 120832K, 0% used [0x00000000f7c00000,0x00000000f7c00000,0x00000000ff200000)
  to   space 130048K, 0% used [0x00000000ef400000,0x00000000ef400000,0x00000000f7300000)
 ParOldGen       total 693248K, used 466063K [0x0000000080000000, 0x00000000aa500000, 0x00000000d5580000)
  object space 693248K, 67% used [0x0000000080000000,0x000000009c723f80,0x00000000aa500000)
 Metaspace       used 55021K, capacity 58428K, committed 58624K, reserved 1099776K
  class space    used 7271K, capacity 7875K, committed 7936K, reserved 1048576K
Event: 74.368 GC heap after
Heap after GC invocations=33 (full 6):
 PSYoungGen      total 554496K, used 19392K [0x00000000d5580000, 0x0000000100000000, 0x0000000100000000)
  eden space 424448K, 0% used [0x00000000d5580000,0x00000000d5580000,0x00000000ef400000)
  from space 130048K, 14% used [0x00000000ef400000,0x00000000f06f0000,0x00000000f7300000)
  to   space 129024K, 0% used [0x00000000f8200000,0x00000000f8200000,0x0000000100000000)
 ParOldGen       total 693248K, used 466071K [0x0000000080000000, 0x00000000aa500000, 0x00000000d5580000)
  object space 693248K, 67% used [0x0000000080000000,0x000000009c725f80,0x00000000aa500000)
 Metaspace       used 55021K, capacity 58428K, committed 58624K, reserved 1099776K
  class space    used 7271K, capacity 7875K, committed 7936K, reserved 1048576K
}

