# JRE version: Java(TM) SE Runtime Environment (8.0_181-b13) (build 1.8.0_181-b13)
# Java VM: Java HotSpot(TM) 64-Bit Server VM (25.181-b13 mixed mode windows-amd64 compressed oops)
Heap:
 PSYoungGen      total 258560K, used 189131K [0x00000000d5580000, 0x00000000e6680000, 0x0000000100000000)
  eden space 240640K, 78% used [0x00000000d5580000,0x00000000e0e32e38,0x00000000e4080000)
  from space 17920K, 0% used [0x00000000e5500000,0x00000000e5500000,0x00000000e6680000)
  to   space 19456K, 0% used [0x00000000e4080000,0x00000000e4080000,0x00000000e5380000)
 ParOldGen       total 160768K, used 67032K [0x0000000080000000, 0x0000000089d00000, 0x00000000d5580000)
  object space 160768K, 41% used [0x0000000080000000,0x0000000084176108,0x0000000089d00000)
 Metaspace       used 55037K, capacity 58058K, committed 58240K, reserved 1099776K
  class space    used 7191K, capacity 7744K, committed 7808K, reserved 1048576K
GC Heap History (10 events):
Event: 22.044 GC heap before
{Heap before GC invocations=13 (full 2):
 PSYoungGen      total 155136K, used 155106K [0x00000000d5580000, 0x00000000dfd00000, 0x0000000100000000)
  eden space 143872K, 100% used [0x00000000d5580000,0x00000000de200000,0x00000000de200000)
  from space 11264K, 99% used [0x00000000def00000,0x00000000df9f8b90,0x00000000dfa00000)
  to   space 13312K, 0% used [0x00000000de200000,0x00000000de200000,0x00000000def00000)
 ParOldGen       total 78336K, used 18151K [0x0000000080000000, 0x0000000084c80000, 0x00000000d5580000)
  object space 78336K, 23% used [0x0000000080000000,0x00000000811b9cd0,0x0000000084c80000)
 Metaspace       used 51924K, capacity 54760K, committed 55040K, reserved 1097728K
  class space    used 7048K, capacity 7597K, committed 7680K, reserved 1048576K
Event: 22.072 GC heap after
Heap after GC invocations=13 (full 2):
 PSYoungGen      total 157184K, used 13280K [0x00000000d5580000, 0x00000000e3500000, 0x0000000100000000)
  eden space 143872K, 0% used [0x00000000d5580000,0x00000000d5580000,0x00000000de200000)
  from space 13312K, 99% used [0x00000000de200000,0x00000000deef80a0,0x00000000def00000)
  to   space 20992K, 0% used [0x00000000e2080000,0x00000000e2080000,0x00000000e3500000)
 ParOldGen       total 78336K, used 35380K [0x0000000080000000, 0x0000000084c80000, 0x00000000d5580000)
  object space 78336K, 45% used [0x0000000080000000,0x000000008228d0e8,0x0000000084c80000)
 Metaspace       used 51924K, capacity 54760K, committed 55040K, reserved 1097728K
  class space    used 7048K, capacity 7597K, committed 7680K, reserved 1048576K
}
Event: 24.626 GC heap before
{Heap before GC invocations=14 (full 2):
 PSYoungGen      total 157184K, used 157149K [0x00000000d5580000, 0x00000000e3500000, 0x0000000100000000)
  eden space 143872K, 99% used [0x00000000d5580000,0x00000000de1ff450,0x00000000de200000)
  from space 13312K, 99% used [0x00000000de200000,0x00000000deef80a0,0x00000000def00000)
  to   space 20992K, 0% used [0x00000000e2080000,0x00000000e2080000,0x00000000e3500000)
 ParOldGen       total 78336K, used 35380K [0x0000000080000000, 0x0000000084c80000, 0x00000000d5580000)
  object space 78336K, 45% used [0x0000000080000000,0x000000008228d0e8,0x0000000084c80000)
 Metaspace       used 52905K, capacity 55766K, committed 56064K, reserved 1097728K
  class space    used 7065K, capacity 7600K, committed 7680K, reserved 1048576K
Event: 24.661 GC heap after
Heap after GC invocations=14 (full 2):
 PSYoungGen      total 207872K, used 11360K [0x00000000d5580000, 0x00000000e3480000, 0x0000000100000000)
  eden space 187392K, 0% used [0x00000000d5580000,0x00000000d5580000,0x00000000e0c80000)
  from space 20480K, 55% used [0x00000000e2080000,0x00000000e2b98080,0x00000000e3480000)
  to   space 20480K, 0% used [0x00000000e0c80000,0x00000000e0c80000,0x00000000e2080000)
 ParOldGen       total 78336K, used 48428K [0x0000000080000000, 0x0000000084c80000, 0x00000000d5580000)
  object space 78336K, 61% used [0x0000000080000000,0x0000000082f4b058,0x0000000084c80000)
 Metaspace       used 52905K, capacity 55766K, committed 56064K, reserved 1097728K
  class space    used 7065K, capacity 7600K, committed 7680K, reserved 1048576K
}
Event: 26.825 GC heap before
{Heap before GC invocations=15 (full 2):
 PSYoungGen      total 207872K, used 198752K [0x00000000d5580000, 0x00000000e3480000, 0x0000000100000000)
  eden space 187392K, 100% used [0x00000000d5580000,0x00000000e0c80000,0x00000000e0c80000)
  from space 20480K, 55% used [0x00000000e2080000,0x00000000e2b98080,0x00000000e3480000)
  to   space 20480K, 0% used [0x00000000e0c80000,0x00000000e0c80000,0x00000000e2080000)
 ParOldGen       total 78336K, used 48428K [0x0000000080000000, 0x0000000084c80000, 0x00000000d5580000)
  object space 78336K, 61% used [0x0000000080000000,0x0000000082f4b058,0x0000000084c80000)
 Metaspace       used 54022K, capacity 57030K, committed 57088K, reserved 1099776K
  class space    used 7111K, capacity 7672K, committed 7680K, reserved 1048576K
Event: 26.845 GC heap after
Heap after GC invocations=15 (full 2):
 PSYoungGen      total 207872K, used 7680K [0x00000000d5580000, 0x00000000e6880000, 0x0000000100000000)
  eden space 187392K, 0% used [0x00000000d5580000,0x00000000d5580000,0x00000000e0c80000)
  from space 20480K, 37% used [0x00000000e0c80000,0x00000000e1400020,0x00000000e2080000)
  to   space 19968K, 0% used [0x00000000e5500000,0x00000000e5500000,0x00000000e6880000)
 ParOldGen       total 78336K, used 58300K [0x0000000080000000, 0x0000000084c80000, 0x00000000d5580000)
  object space 78336K, 74% used [0x0000000080000000,0x00000000838ef118,0x0000000084c80000)
 Metaspace       used 54022K, capacity 57030K, committed 57088K, reserved 1099776K
  class space    used 7111K, capacity 7672K, committed 7680K, reserved 1048576K
}
Event: 28.786 GC heap before
{Heap before GC invocations=16 (full 2):
 PSYoungGen      total 207872K, used 195072K [0x00000000d5580000, 0x00000000e6880000, 0x0000000100000000)
  eden space 187392K, 100% used [0x00000000d5580000,0x00000000e0c80000,0x00000000e0c80000)
  from space 20480K, 37% used [0x00000000e0c80000,0x00000000e1400020,0x00000000e2080000)
  to   space 19968K, 0% used [0x00000000e5500000,0x00000000e5500000,0x00000000e6880000)
 ParOldGen       total 78336K, used 58300K [0x0000000080000000, 0x0000000084c80000, 0x00000000d5580000)
  object space 78336K, 74% used [0x0000000080000000,0x00000000838ef118,0x0000000084c80000)
 Metaspace       used 54433K, capacity 57460K, committed 57600K, reserved 1099776K
  class space    used 7116K, capacity 7679K, committed 7680K, reserved 1048576K
Event: 28.805 GC heap after
Heap after GC invocations=16 (full 2):
 PSYoungGen      total 258560K, used 11456K [0x00000000d5580000, 0x00000000e6680000, 0x0000000100000000)
  eden space 240640K, 0% used [0x00000000d5580000,0x00000000d5580000,0x00000000e4080000)
  from space 17920K, 63% used [0x00000000e5500000,0x00000000e6030000,0x00000000e6680000)
  to   space 19456K, 0% used [0x00000000e4080000,0x00000000e4080000,0x00000000e5380000)
 ParOldGen       total 78336K, used 65284K [0x0000000080000000, 0x0000000084c80000, 0x00000000d5580000)
  object space 78336K, 83% used [0x0000000080000000,0x0000000083fc1188,0x0000000084c80000)
 Metaspace       used 54433K, capacity 57460K, committed 57600K, reserved 1099776K
  class space    used 7116K, capacity 7679K, committed 7680K, reserved 1048576K
}
Event: 28.805 GC heap before
{Heap before GC invocations=17 (full 3):
 PSYoungGen      total 258560K, used 11456K [0x00000000d5580000, 0x00000000e6680000, 0x0000000100000000)
  eden space 240640K, 0% used [0x00000000d5580000,0x00000000d5580000,0x00000000e4080000)
  from space 17920K, 63% used [0x00000000e5500000,0x00000000e6030000,0x00000000e6680000)
  to   space 19456K, 0% used [0x00000000e4080000,0x00000000e4080000,0x00000000e5380000)
 ParOldGen       total 78336K, used 65284K [0x0000000080000000, 0x0000000084c80000, 0x00000000d5580000)
  object space 78336K, 83% used [0x0000000080000000,0x0000000083fc1188,0x0000000084c80000)
 Metaspace       used 54433K, capacity 57460K, committed 57600K, reserved 1099776K
  class space    used 7116K, capacity 7679K, committed 7680K, reserved 1048576K
Event: 29.228 GC heap after
Heap after GC invocations=17 (full 3):
 PSYoungGen      total 258560K, used 0K [0x00000000d5580000, 0x00000000e6680000, 0x0000000100000000)
  eden space 240640K, 0% used [0x00000000d5580000,0x00000000d5580000,0x00000000e4080000)
  from space 17920K, 0% used [0x00000000e5500000,0x00000000e5500000,0x00000000e6680000)
  to   space 19456K, 0% used [0x00000000e4080000,0x00000000e4080000,0x00000000e5380000)
 ParOldGen       total 160768K, used 67032K [0x0000000080000000, 0x0000000089d00000, 0x00000000d5580000)
  object space 160768K, 41% used [0x0000000080000000,0x0000000084176108,0x0000000089d00000)
 Metaspace       used 54167K, capacity 57084K, committed 57600K, reserved 1099776K
  class space    used 7058K, capacity 7591K, committed 7680K, reserved 1048576K
}

