# JRE version: Java(TM) SE Runtime Environment (8.0_181-b13) (build 1.8.0_181-b13)
# Java VM: Java HotSpot(TM) 64-Bit Server VM (25.181-b13 mixed mode windows-amd64 compressed oops)
Heap:
 PSYoungGen      total 423424K, used 107821K [0x00000000d5580000, 0x00000000f1100000, 0x0000000100000000)
  eden space 408064K, 22% used [0x00000000d5580000,0x00000000daff7760,0x00000000ee400000)
  from space 15360K, 98% used [0x00000000f0200000,0x00000000f10d4020,0x00000000f1100000)
  to   space 22016K, 0% used [0x00000000ee600000,0x00000000ee600000,0x00000000efb80000)
 ParOldGen       total 132608K, used 71181K [0x0000000080000000, 0x0000000088180000, 0x00000000d5580000)
  object space 132608K, 53% used [0x0000000080000000,0x0000000084583770,0x0000000088180000)
 Metaspace       used 57271K, capacity 60498K, committed 60672K, reserved 1101824K
  class space    used 7528K, capacity 8120K, committed 8192K, reserved 1048576K
GC Heap History (10 events):
Event: 33.406 GC heap before
{Heap before GC invocations=15 (full 2):
 PSYoungGen      total 247808K, used 245379K [0x00000000d5580000, 0x00000000e5f00000, 0x0000000100000000)
  eden space 230400K, 100% used [0x00000000d5580000,0x00000000e3680000,0x00000000e3680000)
  from space 17408K, 86% used [0x00000000e4880000,0x00000000e5720ef8,0x00000000e5980000)
  to   space 18432K, 0% used [0x00000000e3680000,0x00000000e3680000,0x00000000e4880000)
 ParOldGen       total 69120K, used 36342K [0x0000000080000000, 0x0000000084380000, 0x00000000d5580000)
  object space 69120K, 52% used [0x0000000080000000,0x000000008237db20,0x0000000084380000)
 Metaspace       used 53736K, capacity 56990K, committed 57216K, reserved 1099776K
  class space    used 7180K, capacity 7740K, committed 7808K, reserved 1048576K
Event: 33.455 GC heap after
Heap after GC invocations=15 (full 2):
 PSYoungGen      total 248832K, used 10496K [0x00000000d5580000, 0x00000000eb300000, 0x0000000100000000)
  eden space 230400K, 0% used [0x00000000d5580000,0x00000000d5580000,0x00000000e3680000)
  from space 18432K, 56% used [0x00000000e3680000,0x00000000e40c0020,0x00000000e4880000)
  to   space 17920K, 0% used [0x00000000ea180000,0x00000000ea180000,0x00000000eb300000)
 ParOldGen       total 69120K, used 47350K [0x0000000080000000, 0x0000000084380000, 0x00000000d5580000)
  object space 69120K, 68% used [0x0000000080000000,0x0000000082e3da80,0x0000000084380000)
 Metaspace       used 53736K, capacity 56990K, committed 57216K, reserved 1099776K
  class space    used 7180K, capacity 7740K, committed 7808K, reserved 1048576K
}
Event: 34.588 GC heap before
{Heap before GC invocations=16 (full 2):
 PSYoungGen      total 248832K, used 72137K [0x00000000d5580000, 0x00000000eb300000, 0x0000000100000000)
  eden space 230400K, 26% used [0x00000000d5580000,0x00000000d91b2468,0x00000000e3680000)
  from space 18432K, 56% used [0x00000000e3680000,0x00000000e40c0020,0x00000000e4880000)
  to   space 17920K, 0% used [0x00000000ea180000,0x00000000ea180000,0x00000000eb300000)
 ParOldGen       total 69120K, used 47350K [0x0000000080000000, 0x0000000084380000, 0x00000000d5580000)
  object space 69120K, 68% used [0x0000000080000000,0x0000000082e3da80,0x0000000084380000)
 Metaspace       used 55753K, capacity 59062K, committed 59096K, reserved 1099776K
  class space    used 7475K, capacity 8049K, committed 8064K, reserved 1048576K
Event: 34.610 GC heap after
Heap after GC invocations=16 (full 2):
 PSYoungGen      total 330752K, used 2811K [0x00000000d5580000, 0x00000000eaf00000, 0x0000000100000000)
  eden space 316928K, 0% used [0x00000000d5580000,0x00000000d5580000,0x00000000e8b00000)
  from space 13824K, 20% used [0x00000000ea180000,0x00000000ea43ede0,0x00000000eaf00000)
  to   space 18432K, 0% used [0x00000000e8b00000,0x00000000e8b00000,0x00000000e9d00000)
 ParOldGen       total 69120K, used 56259K [0x0000000080000000, 0x0000000084380000, 0x00000000d5580000)
  object space 69120K, 81% used [0x0000000080000000,0x00000000836f0f90,0x0000000084380000)
 Metaspace       used 55753K, capacity 59062K, committed 59096K, reserved 1099776K
  class space    used 7475K, capacity 8049K, committed 8064K, reserved 1048576K
}
Event: 34.610 GC heap before
{Heap before GC invocations=17 (full 3):
 PSYoungGen      total 330752K, used 2811K [0x00000000d5580000, 0x00000000eaf00000, 0x0000000100000000)
  eden space 316928K, 0% used [0x00000000d5580000,0x00000000d5580000,0x00000000e8b00000)
  from space 13824K, 20% used [0x00000000ea180000,0x00000000ea43ede0,0x00000000eaf00000)
  to   space 18432K, 0% used [0x00000000e8b00000,0x00000000e8b00000,0x00000000e9d00000)
 ParOldGen       total 69120K, used 56259K [0x0000000080000000, 0x0000000084380000, 0x00000000d5580000)
  object space 69120K, 81% used [0x0000000080000000,0x00000000836f0f90,0x0000000084380000)
 Metaspace       used 55753K, capacity 59062K, committed 59096K, reserved 1099776K
  class space    used 7475K, capacity 8049K, committed 8064K, reserved 1048576K
Event: 35.437 GC heap after
Heap after GC invocations=17 (full 3):
 PSYoungGen      total 330752K, used 0K [0x00000000d5580000, 0x00000000eaf00000, 0x0000000100000000)
  eden space 316928K, 0% used [0x00000000d5580000,0x00000000d5580000,0x00000000e8b00000)
  from space 13824K, 0% used [0x00000000ea180000,0x00000000ea180000,0x00000000eaf00000)
  to   space 18432K, 0% used [0x00000000e8b00000,0x00000000e8b00000,0x00000000e9d00000)
 ParOldGen       total 132608K, used 53731K [0x0000000080000000, 0x0000000088180000, 0x00000000d5580000)
  object space 132608K, 40% used [0x0000000080000000,0x0000000083478f60,0x0000000088180000)
 Metaspace       used 55696K, capacity 58922K, committed 59096K, reserved 1099776K
  class space    used 7460K, capacity 8031K, committed 8064K, reserved 1048576K
}
Event: 42.918 GC heap before
{Heap before GC invocations=18 (full 3):
 PSYoungGen      total 330752K, used 316928K [0x00000000d5580000, 0x00000000eaf00000, 0x0000000100000000)
  eden space 316928K, 100% used [0x00000000d5580000,0x00000000e8b00000,0x00000000e8b00000)
  from space 13824K, 0% used [0x00000000ea180000,0x00000000ea180000,0x00000000eaf00000)
  to   space 18432K, 0% used [0x00000000e8b00000,0x00000000e8b00000,0x00000000e9d00000)
 ParOldGen       total 132608K, used 53731K [0x0000000080000000, 0x0000000088180000, 0x00000000d5580000)
  object space 132608K, 40% used [0x0000000080000000,0x0000000083478f60,0x0000000088180000)
 Metaspace       used 56959K, capacity 60160K, committed 60416K, reserved 1101824K
  class space    used 7524K, capacity 8083K, committed 8192K, reserved 1048576K
Event: 42.942 GC heap after
Heap after GC invocations=18 (full 3):
 PSYoungGen      total 335360K, used 18400K [0x00000000d5580000, 0x00000000f1680000, 0x0000000100000000)
  eden space 316928K, 0% used [0x00000000d5580000,0x00000000d5580000,0x00000000e8b00000)
  from space 18432K, 99% used [0x00000000e8b00000,0x00000000e9cf8010,0x00000000e9d00000)
  to   space 20992K, 0% used [0x00000000f0200000,0x00000000f0200000,0x00000000f1680000)
 ParOldGen       total 132608K, used 54091K [0x0000000080000000, 0x0000000088180000, 0x00000000d5580000)
  object space 132608K, 40% used [0x0000000080000000,0x00000000834d2d78,0x0000000088180000)
 Metaspace       used 56959K, capacity 60160K, committed 60416K, reserved 1101824K
  class space    used 7524K, capacity 8083K, committed 8192K, reserved 1048576K
}
Event: 47.452 GC heap before
{Heap before GC invocations=19 (full 3):
 PSYoungGen      total 335360K, used 335328K [0x00000000d5580000, 0x00000000f1680000, 0x0000000100000000)
  eden space 316928K, 100% used [0x00000000d5580000,0x00000000e8b00000,0x00000000e8b00000)
  from space 18432K, 99% used [0x00000000e8b00000,0x00000000e9cf8010,0x00000000e9d00000)
  to   space 20992K, 0% used [0x00000000f0200000,0x00000000f0200000,0x00000000f1680000)
 ParOldGen       total 132608K, used 54091K [0x0000000080000000, 0x0000000088180000, 0x00000000d5580000)
  object space 132608K, 40% used [0x0000000080000000,0x00000000834d2d78,0x0000000088180000)
 Metaspace       used 57174K, capacity 60380K, committed 60672K, reserved 1101824K
  class space    used 7526K, capacity 8087K, committed 8192K, reserved 1048576K
Event: 47.485 GC heap after
Heap after GC invocations=19 (full 3):
 PSYoungGen      total 423424K, used 15184K [0x00000000d5580000, 0x00000000f1100000, 0x0000000100000000)
  eden space 408064K, 0% used [0x00000000d5580000,0x00000000d5580000,0x00000000ee400000)
  from space 15360K, 98% used [0x00000000f0200000,0x00000000f10d4020,0x00000000f1100000)
  to   space 22016K, 0% used [0x00000000ee600000,0x00000000ee600000,0x00000000efb80000)
 ParOldGen       total 132608K, used 71181K [0x0000000080000000, 0x0000000088180000, 0x00000000d5580000)
  object space 132608K, 53% used [0x0000000080000000,0x0000000084583770,0x0000000088180000)
 Metaspace       used 57174K, capacity 60380K, committed 60672K, reserved 1101824K
  class space    used 7526K, capacity 8087K, committed 8192K, reserved 1048576K
}

