# JRE version: Java(TM) SE Runtime Environment (8.0_181-b13) (build 1.8.0_181-b13)
# Java VM: Java HotSpot(TM) 64-Bit Server VM (25.181-b13 mixed mode windows-amd64 compressed oops)
Heap:
 PSYoungGen      total 184832K, used 125371K [0x00000000d5580000, 0x00000000e5880000, 0x0000000100000000)
  eden space 170496K, 65% used [0x00000000d5580000,0x00000000dc1f2d28,0x00000000dfc00000)
  from space 14336K, 99% used [0x00000000dfc00000,0x00000000e09fc0e0,0x00000000e0a00000)
  to   space 20992K, 0% used [0x00000000e4400000,0x00000000e4400000,0x00000000e5880000)
 ParOldGen       total 96256K, used 29795K [0x0000000080000000, 0x0000000085e00000, 0x00000000d5580000)
  object space 96256K, 30% used [0x0000000080000000,0x0000000081d18ed0,0x0000000085e00000)
 Metaspace       used 51533K, capacity 54796K, committed 55080K, reserved 1097728K
  class space    used 7122K, capacity 7668K, committed 7720K, reserved 1048576K
GC Heap History (10 events):
Event: 6.410 GC heap before
{Heap before GC invocations=7 (full 1):
 PSYoungGen      total 70656K, used 65536K [0x00000000d5580000, 0x00000000dec80000, 0x0000000100000000)
  eden space 65536K, 100% used [0x00000000d5580000,0x00000000d9580000,0x00000000d9580000)
  from space 5120K, 0% used [0x00000000d9580000,0x00000000d9580000,0x00000000d9a80000)
  to   space 11776K, 0% used [0x00000000de100000,0x00000000de100000,0x00000000dec80000)
 ParOldGen       total 62464K, used 10579K [0x0000000080000000, 0x0000000083d00000, 0x00000000d5580000)
  object space 62464K, 16% used [0x0000000080000000,0x0000000080a54c60,0x0000000083d00000)
 Metaspace       used 28272K, capacity 29190K, committed 29440K, reserved 1075200K
  class space    used 3985K, capacity 4254K, committed 4352K, reserved 1048576K
Event: 6.417 GC heap after
Heap after GC invocations=7 (full 1):
 PSYoungGen      total 114176K, used 7926K [0x00000000d5580000, 0x00000000de900000, 0x0000000100000000)
  eden space 105984K, 0% used [0x00000000d5580000,0x00000000d5580000,0x00000000dbd00000)
  from space 8192K, 96% used [0x00000000de100000,0x00000000de8bdbf8,0x00000000de900000)
  to   space 11776K, 0% used [0x00000000dd200000,0x00000000dd200000,0x00000000ddd80000)
 ParOldGen       total 62464K, used 10587K [0x0000000080000000, 0x0000000083d00000, 0x00000000d5580000)
  object space 62464K, 16% used [0x0000000080000000,0x0000000080a56c60,0x0000000083d00000)
 Metaspace       used 28272K, capacity 29190K, committed 29440K, reserved 1075200K
  class space    used 3985K, capacity 4254K, committed 4352K, reserved 1048576K
}
Event: 9.019 GC heap before
{Heap before GC invocations=8 (full 1):
 PSYoungGen      total 114176K, used 101997K [0x00000000d5580000, 0x00000000de900000, 0x0000000100000000)
  eden space 105984K, 88% used [0x00000000d5580000,0x00000000db15da48,0x00000000dbd00000)
  from space 8192K, 96% used [0x00000000de100000,0x00000000de8bdbf8,0x00000000de900000)
  to   space 11776K, 0% used [0x00000000dd200000,0x00000000dd200000,0x00000000ddd80000)
 ParOldGen       total 62464K, used 10587K [0x0000000080000000, 0x0000000083d00000, 0x00000000d5580000)
  object space 62464K, 16% used [0x0000000080000000,0x0000000080a56c60,0x0000000083d00000)
 Metaspace       used 34263K, capacity 35428K, committed 35496K, reserved 1079296K
  class space    used 4727K, capacity 5014K, committed 5032K, reserved 1048576K
Event: 9.051 GC heap after
Heap after GC invocations=8 (full 1):
 PSYoungGen      total 139264K, used 11755K [0x00000000d5580000, 0x00000000e1700000, 0x0000000100000000)
  eden space 127488K, 0% used [0x00000000d5580000,0x00000000d5580000,0x00000000dd200000)
  from space 11776K, 99% used [0x00000000dd200000,0x00000000ddd7ace0,0x00000000ddd80000)
  to   space 13312K, 0% used [0x00000000e0a00000,0x00000000e0a00000,0x00000000e1700000)
 ParOldGen       total 62464K, used 10611K [0x0000000080000000, 0x0000000083d00000, 0x00000000d5580000)
  object space 62464K, 16% used [0x0000000080000000,0x0000000080a5cc60,0x0000000083d00000)
 Metaspace       used 34263K, capacity 35428K, committed 35496K, reserved 1079296K
  class space    used 4727K, capacity 5014K, committed 5032K, reserved 1048576K
}
Event: 9.051 GC heap before
{Heap before GC invocations=9 (full 2):
 PSYoungGen      total 139264K, used 11755K [0x00000000d5580000, 0x00000000e1700000, 0x0000000100000000)
  eden space 127488K, 0% used [0x00000000d5580000,0x00000000d5580000,0x00000000dd200000)
  from space 11776K, 99% used [0x00000000dd200000,0x00000000ddd7ace0,0x00000000ddd80000)
  to   space 13312K, 0% used [0x00000000e0a00000,0x00000000e0a00000,0x00000000e1700000)
 ParOldGen       total 62464K, used 10611K [0x0000000080000000, 0x0000000083d00000, 0x00000000d5580000)
  object space 62464K, 16% used [0x0000000080000000,0x0000000080a5cc60,0x0000000083d00000)
 Metaspace       used 34263K, capacity 35428K, committed 35496K, reserved 1079296K
  class space    used 4727K, capacity 5014K, committed 5032K, reserved 1048576K
Event: 9.134 GC heap after
Heap after GC invocations=9 (full 2):
 PSYoungGen      total 139264K, used 0K [0x00000000d5580000, 0x00000000e1700000, 0x0000000100000000)
  eden space 127488K, 0% used [0x00000000d5580000,0x00000000d5580000,0x00000000dd200000)
  from space 11776K, 0% used [0x00000000dd200000,0x00000000dd200000,0x00000000ddd80000)
  to   space 13312K, 0% used [0x00000000e0a00000,0x00000000e0a00000,0x00000000e1700000)
 ParOldGen       total 96256K, used 18131K [0x0000000080000000, 0x0000000085e00000, 0x00000000d5580000)
  object space 96256K, 18% used [0x0000000080000000,0x00000000811b4dc0,0x0000000085e00000)
 Metaspace       used 34263K, capacity 35428K, committed 35496K, reserved 1079296K
  class space    used 4727K, capacity 5014K, committed 5032K, reserved 1048576K
}
Event: 11.271 GC heap before
{Heap before GC invocations=10 (full 2):
 PSYoungGen      total 139264K, used 127488K [0x00000000d5580000, 0x00000000e1700000, 0x0000000100000000)
  eden space 127488K, 100% used [0x00000000d5580000,0x00000000dd200000,0x00000000dd200000)
  from space 11776K, 0% used [0x00000000dd200000,0x00000000dd200000,0x00000000ddd80000)
  to   space 13312K, 0% used [0x00000000e0a00000,0x00000000e0a00000,0x00000000e1700000)
 ParOldGen       total 96256K, used 18131K [0x0000000080000000, 0x0000000085e00000, 0x00000000d5580000)
  object space 96256K, 18% used [0x0000000080000000,0x00000000811b4dc0,0x0000000085e00000)
 Metaspace       used 40056K, capacity 41938K, committed 42024K, reserved 1085440K
  class space    used 5717K, capacity 6141K, committed 6184K, reserved 1048576K
Event: 11.290 GC heap after
Heap after GC invocations=10 (full 2):
 PSYoungGen      total 183808K, used 11260K [0x00000000d5580000, 0x00000000e2000000, 0x0000000100000000)
  eden space 170496K, 0% used [0x00000000d5580000,0x00000000d5580000,0x00000000dfc00000)
  from space 13312K, 84% used [0x00000000e0a00000,0x00000000e14ff1e8,0x00000000e1700000)
  to   space 14336K, 0% used [0x00000000dfc00000,0x00000000dfc00000,0x00000000e0a00000)
 ParOldGen       total 96256K, used 18139K [0x0000000080000000, 0x0000000085e00000, 0x00000000d5580000)
  object space 96256K, 18% used [0x0000000080000000,0x00000000811b6dc0,0x0000000085e00000)
 Metaspace       used 40056K, capacity 41938K, committed 42024K, reserved 1085440K
  class space    used 5717K, capacity 6141K, committed 6184K, reserved 1048576K
}
Event: 15.400 GC heap before
{Heap before GC invocations=11 (full 2):
 PSYoungGen      total 183808K, used 181756K [0x00000000d5580000, 0x00000000e2000000, 0x0000000100000000)
  eden space 170496K, 100% used [0x00000000d5580000,0x00000000dfc00000,0x00000000dfc00000)
  from space 13312K, 84% used [0x00000000e0a00000,0x00000000e14ff1e8,0x00000000e1700000)
  to   space 14336K, 0% used [0x00000000dfc00000,0x00000000dfc00000,0x00000000e0a00000)
 ParOldGen       total 96256K, used 18139K [0x0000000080000000, 0x0000000085e00000, 0x00000000d5580000)
  object space 96256K, 18% used [0x0000000080000000,0x00000000811b6dc0,0x0000000085e00000)
 Metaspace       used 47326K, capacity 50386K, committed 50600K, reserved 1093632K
  class space    used 6710K, capacity 7252K, committed 7336K, reserved 1048576K
Event: 15.551 GC heap after
Heap after GC invocations=11 (full 2):
 PSYoungGen      total 184832K, used 14320K [0x00000000d5580000, 0x00000000e5880000, 0x0000000100000000)
  eden space 170496K, 0% used [0x00000000d5580000,0x00000000d5580000,0x00000000dfc00000)
  from space 14336K, 99% used [0x00000000dfc00000,0x00000000e09fc0e0,0x00000000e0a00000)
  to   space 20992K, 0% used [0x00000000e4400000,0x00000000e4400000,0x00000000e5880000)
 ParOldGen       total 96256K, used 29795K [0x0000000080000000, 0x0000000085e00000, 0x00000000d5580000)
  object space 96256K, 30% used [0x0000000080000000,0x0000000081d18ed0,0x0000000085e00000)
 Metaspace       used 47326K, capacity 50386K, committed 50600K, reserved 1093632K
  class space    used 6710K, capacity 7252K, committed 7336K, reserved 1048576K
}

