# JRE version: Java(TM) SE Runtime Environment (8.0_181-b13) (build 1.8.0_181-b13)
# Java VM: Java HotSpot(TM) 64-Bit Server VM (25.181-b13 mixed mode windows-amd64 compressed oops)
Heap:
 PSYoungGen      total 461824K, used 257432K [0x00000000d5580000, 0x00000000f6c00000, 0x0000000100000000)
  eden space 402432K, 50% used [0x00000000d5580000,0x00000000e1baa3b0,0x00000000ede80000)
  from space 59392K, 91% used [0x00000000f1f00000,0x00000000f543c010,0x00000000f5900000)
  to   space 66048K, 0% used [0x00000000ede80000,0x00000000ede80000,0x00000000f1f00000)
 ParOldGen       total 224256K, used 144019K [0x0000000080000000, 0x000000008db00000, 0x00000000d5580000)
  object space 224256K, 64% used [0x0000000080000000,0x0000000088ca4c80,0x000000008db00000)
 Metaspace       used 54489K, capacity 57696K, committed 57856K, reserved 1099776K
  class space    used 7234K, capacity 7833K, committed 7936K, reserved 1048576K
GC Heap History (10 events):
Event: 39.541 GC heap before
{Heap before GC invocations=25 (full 3):
 PSYoungGen      total 299520K, used 284128K [0x00000000d5580000, 0x00000000ed000000, 0x0000000100000000)
  eden space 262656K, 100% used [0x00000000d5580000,0x00000000e5600000,0x00000000e5600000)
  from space 36864K, 58% used [0x00000000e5600000,0x00000000e6af8030,0x00000000e7a00000)
  to   space 36352K, 0% used [0x00000000eac80000,0x00000000eac80000,0x00000000ed000000)
 ParOldGen       total 224256K, used 99737K [0x0000000080000000, 0x000000008db00000, 0x00000000d5580000)
  object space 224256K, 44% used [0x0000000080000000,0x0000000086166628,0x000000008db00000)
 Metaspace       used 54269K, capacity 57532K, committed 57856K, reserved 1099776K
  class space    used 7222K, capacity 7827K, committed 7936K, reserved 1048576K
Event: 39.589 GC heap after
Heap after GC invocations=25 (full 3):
 PSYoungGen      total 346624K, used 34160K [0x00000000d5580000, 0x00000000eda00000, 0x0000000100000000)
  eden space 310272K, 0% used [0x00000000d5580000,0x00000000d5580000,0x00000000e8480000)
  from space 36352K, 93% used [0x00000000eac80000,0x00000000ecddc010,0x00000000ed000000)
  to   space 40960K, 0% used [0x00000000e8480000,0x00000000e8480000,0x00000000eac80000)
 ParOldGen       total 224256K, used 103385K [0x0000000080000000, 0x000000008db00000, 0x00000000d5580000)
  object space 224256K, 46% used [0x0000000080000000,0x00000000864f6628,0x000000008db00000)
 Metaspace       used 54269K, capacity 57532K, committed 57856K, reserved 1099776K
  class space    used 7222K, capacity 7827K, committed 7936K, reserved 1048576K
}
Event: 43.065 GC heap before
{Heap before GC invocations=26 (full 3):
 PSYoungGen      total 346624K, used 344432K [0x00000000d5580000, 0x00000000eda00000, 0x0000000100000000)
  eden space 310272K, 100% used [0x00000000d5580000,0x00000000e8480000,0x00000000e8480000)
  from space 36352K, 93% used [0x00000000eac80000,0x00000000ecddc010,0x00000000ed000000)
  to   space 40960K, 0% used [0x00000000e8480000,0x00000000e8480000,0x00000000eac80000)
 ParOldGen       total 224256K, used 103385K [0x0000000080000000, 0x000000008db00000, 0x00000000d5580000)
  object space 224256K, 46% used [0x0000000080000000,0x00000000864f6628,0x000000008db00000)
 Metaspace       used 54386K, capacity 57602K, committed 57856K, reserved 1099776K
  class space    used 7226K, capacity 7828K, committed 7936K, reserved 1048576K
Event: 43.093 GC heap after
Heap after GC invocations=26 (full 3):
 PSYoungGen      total 351232K, used 33920K [0x00000000d5580000, 0x00000000f1200000, 0x0000000100000000)
  eden space 310272K, 0% used [0x00000000d5580000,0x00000000d5580000,0x00000000e8480000)
  from space 40960K, 82% used [0x00000000e8480000,0x00000000ea5a0020,0x00000000eac80000)
  to   space 44032K, 0% used [0x00000000ee700000,0x00000000ee700000,0x00000000f1200000)
 ParOldGen       total 224256K, used 109337K [0x0000000080000000, 0x000000008db00000, 0x00000000d5580000)
  object space 224256K, 48% used [0x0000000080000000,0x0000000086ac6628,0x000000008db00000)
 Metaspace       used 54386K, capacity 57602K, committed 57856K, reserved 1099776K
  class space    used 7226K, capacity 7828K, committed 7936K, reserved 1048576K
}
Event: 45.089 GC heap before
{Heap before GC invocations=27 (full 3):
 PSYoungGen      total 351232K, used 344192K [0x00000000d5580000, 0x00000000f1200000, 0x0000000100000000)
  eden space 310272K, 100% used [0x00000000d5580000,0x00000000e8480000,0x00000000e8480000)
  from space 40960K, 82% used [0x00000000e8480000,0x00000000ea5a0020,0x00000000eac80000)
  to   space 44032K, 0% used [0x00000000ee700000,0x00000000ee700000,0x00000000f1200000)
 ParOldGen       total 224256K, used 109337K [0x0000000080000000, 0x000000008db00000, 0x00000000d5580000)
  object space 224256K, 48% used [0x0000000080000000,0x0000000086ac6628,0x000000008db00000)
 Metaspace       used 54405K, capacity 57602K, committed 57856K, reserved 1099776K
  class space    used 7228K, capacity 7828K, committed 7936K, reserved 1048576K
Event: 45.132 GC heap after
Heap after GC invocations=27 (full 3):
 PSYoungGen      total 400896K, used 44016K [0x00000000d5580000, 0x00000000f2600000, 0x0000000100000000)
  eden space 356864K, 0% used [0x00000000d5580000,0x00000000d5580000,0x00000000eb200000)
  from space 44032K, 99% used [0x00000000ee700000,0x00000000f11fc030,0x00000000f1200000)
  to   space 54272K, 0% used [0x00000000eb200000,0x00000000eb200000,0x00000000ee700000)
 ParOldGen       total 224256K, used 121043K [0x0000000080000000, 0x000000008db00000, 0x00000000d5580000)
  object space 224256K, 53% used [0x0000000080000000,0x0000000087634fa8,0x000000008db00000)
 Metaspace       used 54405K, capacity 57602K, committed 57856K, reserved 1099776K
  class space    used 7228K, capacity 7828K, committed 7936K, reserved 1048576K
}
Event: 46.262 GC heap before
{Heap before GC invocations=28 (full 3):
 PSYoungGen      total 400896K, used 400880K [0x00000000d5580000, 0x00000000f2600000, 0x0000000100000000)
  eden space 356864K, 100% used [0x00000000d5580000,0x00000000eb200000,0x00000000eb200000)
  from space 44032K, 99% used [0x00000000ee700000,0x00000000f11fc030,0x00000000f1200000)
  to   space 54272K, 0% used [0x00000000eb200000,0x00000000eb200000,0x00000000ee700000)
 ParOldGen       total 224256K, used 121043K [0x0000000080000000, 0x000000008db00000, 0x00000000d5580000)
  object space 224256K, 53% used [0x0000000080000000,0x0000000087634fa8,0x000000008db00000)
 Metaspace       used 54428K, capacity 57602K, committed 57856K, reserved 1099776K
  class space    used 7229K, capacity 7828K, committed 7936K, reserved 1048576K
Event: 46.300 GC heap after
Heap after GC invocations=28 (full 3):
 PSYoungGen      total 411136K, used 45088K [0x00000000d5580000, 0x00000000f5900000, 0x0000000100000000)
  eden space 356864K, 0% used [0x00000000d5580000,0x00000000d5580000,0x00000000eb200000)
  from space 54272K, 83% used [0x00000000eb200000,0x00000000ede08040,0x00000000ee700000)
  to   space 59392K, 0% used [0x00000000f1f00000,0x00000000f1f00000,0x00000000f5900000)
 ParOldGen       total 224256K, used 136779K [0x0000000080000000, 0x000000008db00000, 0x00000000d5580000)
  object space 224256K, 60% used [0x0000000080000000,0x0000000088592c30,0x000000008db00000)
 Metaspace       used 54428K, capacity 57602K, committed 57856K, reserved 1099776K
  class space    used 7229K, capacity 7828K, committed 7936K, reserved 1048576K
}
Event: 47.294 GC heap before
{Heap before GC invocations=29 (full 3):
 PSYoungGen      total 411136K, used 401952K [0x00000000d5580000, 0x00000000f5900000, 0x0000000100000000)
  eden space 356864K, 100% used [0x00000000d5580000,0x00000000eb200000,0x00000000eb200000)
  from space 54272K, 83% used [0x00000000eb200000,0x00000000ede08040,0x00000000ee700000)
  to   space 59392K, 0% used [0x00000000f1f00000,0x00000000f1f00000,0x00000000f5900000)
 ParOldGen       total 224256K, used 136779K [0x0000000080000000, 0x000000008db00000, 0x00000000d5580000)
  object space 224256K, 60% used [0x0000000080000000,0x0000000088592c30,0x000000008db00000)
 Metaspace       used 54437K, capacity 57602K, committed 57856K, reserved 1099776K
  class space    used 7230K, capacity 7828K, committed 7936K, reserved 1048576K
Event: 47.344 GC heap after
Heap after GC invocations=29 (full 3):
 PSYoungGen      total 461824K, used 54512K [0x00000000d5580000, 0x00000000f6c00000, 0x0000000100000000)
  eden space 402432K, 0% used [0x00000000d5580000,0x00000000d5580000,0x00000000ede80000)
  from space 59392K, 91% used [0x00000000f1f00000,0x00000000f543c010,0x00000000f5900000)
  to   space 66048K, 0% used [0x00000000ede80000,0x00000000ede80000,0x00000000f1f00000)
 ParOldGen       total 224256K, used 144019K [0x0000000080000000, 0x000000008db00000, 0x00000000d5580000)
  object space 224256K, 64% used [0x0000000080000000,0x0000000088ca4c80,0x000000008db00000)
 Metaspace       used 54437K, capacity 57602K, committed 57856K, reserved 1099776K
  class space    used 7230K, capacity 7828K, committed 7936K, reserved 1048576K
}

